#
# There is insufficient memory for the Java Runtime Environment to continue.
# Native memory allocation (malloc) failed to allocate 1126512 bytes for Chunk::new
# Possible reasons:
#   The system is out of physical RAM or swap space
#   In 32 bit mode, the process size limit was hit
# Possible solutions:
#   Reduce memory load on the system
#   Increase physical memory or swap space
#   Check if swap backing store is full
#   Use 64 bit Java on a 64 bit OS
#   Decrease Java heap size (-Xmx/-Xms)
#   Decrease number of Java threads
#   Decrease Java thread stack sizes (-Xss)
#   Set larger code cache with -XX:ReservedCodeCacheSize=
# This output file may be truncated or incomplete.
#
#  Out of Memory Error (allocation.cpp:390), pid=556, tid=0x00000000000044a0
#
# JRE version: OpenJDK Runtime Environment (8.0_152-b01) (build 1.8.0_152-release-1343-b01)
# Java VM: OpenJDK 64-Bit Server VM (25.152-b01 mixed mode windows-amd64 compressed oops)
# Failed to write core dump. Minidumps are not enabled by default on client versions of Windows
#

---------------  T H R E A D  ---------------

Current thread (0x000000001612e000):  JavaThread "C2 CompilerThread0" daemon [_thread_in_native, id=17568, stack(0x0000000017a90000,0x0000000017b90000)]

Stack: [0x0000000017a90000,0x0000000017b90000]
[error occurred during error reporting (printing stack bounds), id 0xc0000005]

Native frames: (J=compiled Java code, j=interpreted, Vv=VM code, C=native code)


Current CompileTask:
C2:2518598 22614       4       com.android.tools.r8.dex.DexParser::parseDebugInfo (613 bytes)


---------------  P R O C E S S  ---------------

Java Threads: ( => current thread )
  0x000000001d00a800 JavaThread "ForkJoinPool-1-worker-0" daemon [_thread_blocked, id=10028, stack(0x000000002a220000,0x000000002a320000)]
  0x000000001d009000 JavaThread "ForkJoinPool-1-worker-3" daemon [_thread_blocked, id=14356, stack(0x000000002a120000,0x000000002a220000)]
  0x000000001d009800 JavaThread "ForkJoinPool-1-worker-2" daemon [_thread_in_Java, id=7072, stack(0x000000002a020000,0x000000002a120000)]
  0x000000001d006800 JavaThread "ForkJoinPool-1-worker-1" daemon [_thread_blocked, id=10684, stack(0x0000000028450000,0x0000000028550000)]
  0x000000001915b800 JavaThread "ForkJoinPool.commonPool-worker-3" daemon [_thread_blocked, id=14836, stack(0x0000000027d50000,0x0000000027e50000)]
  0x000000001cc40000 JavaThread "ForkJoinPool.commonPool-worker-2" daemon [_thread_blocked, id=3084, stack(0x0000000027c50000,0x0000000027d50000)]
  0x000000001cc41000 JavaThread "Cache worker for Java compile cache (D:\WorkSpace\newJassica00\.gradle\5.1.1\javaCompile)" [_thread_blocked, id=6576, stack(0x0000000027750000,0x0000000027850000)]
  0x000000001cc3b800 JavaThread "Cache worker for Java compile cache (C:\Users\Lenovo\.gradle\caches\5.1.1\javaCompile)" [_thread_blocked, id=17320, stack(0x0000000027650000,0x0000000027750000)]
  0x000000001cc3e800 JavaThread "stdout" daemon [_thread_in_native, id=17672, stack(0x00000000271b0000,0x00000000272b0000)]
  0x000000001cc3a000 JavaThread "stderr" daemon [_thread_in_native, id=18288, stack(0x0000000025e90000,0x0000000025f90000)]
  0x000000001915c800 JavaThread "pool-14-thread-1" [_thread_blocked, id=32, stack(0x0000000027350000,0x0000000027450000)]
  0x000000001efb5800 JavaThread "Cache worker for execution history cache (D:\WorkSpace\newJassica00\.gradle\5.1.1\executionHistory)" [_thread_blocked, id=8536, stack(0x0000000025d90000,0x0000000025e90000)]
  0x000000001efb2800 JavaThread "Execution worker for ':' Thread 3" [_thread_blocked, id=17364, stack(0x0000000025c90000,0x0000000025d90000)]
  0x000000001efae000 JavaThread "Execution worker for ':' Thread 2" [_thread_blocked, id=7856, stack(0x0000000025b90000,0x0000000025c90000)]
  0x000000001efaa000 JavaThread "Execution worker for ':'" [_thread_blocked, id=19640, stack(0x0000000024c90000,0x0000000024d90000)]
  0x000000001efad000 JavaThread "Cache worker for file content cache (D:\WorkSpace\newJassica00\.gradle\5.1.1\fileContent)" [_thread_blocked, id=5552, stack(0x0000000024390000,0x0000000024490000)]
  0x000000001efb1000 JavaThread "Cache worker for Build Output Cleanup Cache (D:\WorkSpace\newJassica00\.gradle\buildOutputCleanup)" [_thread_blocked, id=7476, stack(0x0000000022b00000,0x0000000022c00000)]
  0x000000001efac800 JavaThread "Build operations Thread 4" [_thread_blocked, id=18648, stack(0x0000000021600000,0x0000000021700000)]
  0x000000001efa9800 JavaThread "Build operations Thread 3" [_thread_blocked, id=17316, stack(0x0000000021100000,0x0000000021200000)]
  0x000000001efb0800 JavaThread "Build operations Thread 2" [_thread_blocked, id=3008, stack(0x0000000020e00000,0x0000000020f00000)]
  0x000000001efab800 JavaThread "Build operations" [_thread_blocked, id=6504, stack(0x000000001f900000,0x000000001fa00000)]
  0x000000001efaf800 JavaThread "Cache worker for cache directory md-rule (C:\Users\Lenovo\.gradle\caches\5.1.1\md-rule)" [_thread_blocked, id=11600, stack(0x000000001f700000,0x000000001f800000)]
  0x000000001cddf800 JavaThread "Cache worker for cache directory md-supplier (C:\Users\Lenovo\.gradle\caches\5.1.1\md-supplier)" [_thread_blocked, id=4300, stack(0x000000001c9b0000,0x000000001cab0000)]
  0x000000001cdde800 JavaThread "Cache worker for file hash cache (D:\WorkSpace\newJassica00\.gradle\5.1.1\fileHashes)" [_thread_blocked, id=232, stack(0x000000001a410000,0x000000001a510000)]
  0x000000001cdd4000 JavaThread "Thread-136" [_thread_blocked, id=2364, stack(0x000000001a110000,0x000000001a210000)]
  0x000000001cdd6800 JavaThread "Stdin handler" [_thread_blocked, id=19852, stack(0x000000001a010000,0x000000001a110000)]
  0x000000001cddb000 JavaThread "Asynchronous log dispatcher for DefaultDaemonConnection: socket connection from /127.0.0.1:56927 to /127.0.0.1:60306" [_thread_blocked, id=7160, stack(0x0000000019d10000,0x0000000019e10000)]
  0x000000001cdd3800 JavaThread "Daemon worker Thread 4" [_thread_blocked, id=14984, stack(0x0000000019c10000,0x0000000019d10000)]
  0x000000001cdd2800 JavaThread "Cancel handler" [_thread_blocked, id=19836, stack(0x0000000000860000,0x0000000000960000)]
  0x000000001cdd9800 JavaThread "Handler for socket connection from /127.0.0.1:56927 to /127.0.0.1:60306" [_thread_in_native, id=964, stack(0x0000000000760000,0x0000000000860000)]
  0x000000001cdd5800 JavaThread "Daemon Thread 4" [_thread_blocked, id=3044, stack(0x0000000000660000,0x0000000000760000)]
  0x000000001efb6800 JavaThread "Cache worker for file content cache (C:\Users\Lenovo\.gradle\caches\5.1.1\fileContent)" [_thread_blocked, id=14964, stack(0x0000000022a00000,0x0000000022b00000)]
  0x000000001efa8800 JavaThread "Memory manager" [_thread_blocked, id=15648, stack(0x0000000022700000,0x0000000022800000)]
  0x000000001efa7000 JavaThread "Cache worker for execution history cache (C:\Users\Lenovo\.gradle\caches\5.1.1\executionHistory)" [_thread_blocked, id=15184, stack(0x000000001f800000,0x000000001f900000)]
  0x000000001915e800 JavaThread "Cache worker for journal cache (C:\Users\Lenovo\.gradle\caches\journal-1)" [_thread_blocked, id=20020, stack(0x000000001a710000,0x000000001a810000)]
  0x000000001915d000 JavaThread "File lock request listener" [_thread_in_native, id=10020, stack(0x000000001a610000,0x000000001a710000)]
  0x0000000019144800 JavaThread "Cache worker for file hash cache (C:\Users\Lenovo\.gradle\caches\5.1.1\fileHashes)" [_thread_blocked, id=18876, stack(0x000000001a510000,0x000000001a610000)]
  0x0000000019029800 JavaThread "Daemon periodic checks" [_thread_blocked, id=20276, stack(0x0000000019b10000,0x0000000019c10000)]
  0x0000000018fd6800 JavaThread "Incoming local TCP Connector on port 56927" [_thread_in_native, id=13836, stack(0x0000000019960000,0x0000000019a60000)]
  0x000000001751b800 JavaThread "Service Thread" daemon [_thread_blocked, id=13740, stack(0x0000000017d90000,0x0000000017e90000)]
  0x000000001749a000 JavaThread "C1 CompilerThread2" daemon [_thread_blocked, id=8932, stack(0x0000000017c90000,0x0000000017d90000)]
  0x000000001617c000 JavaThread "C2 CompilerThread1" daemon [_thread_in_native, id=9576, stack(0x0000000017b90000,0x0000000017c90000)]
=>0x000000001612e000 JavaThread "C2 CompilerThread0" daemon [_thread_in_native, id=17568, stack(0x0000000017a90000,0x0000000017b90000)]
  0x0000000016178000 JavaThread "Attach Listener" daemon [_thread_blocked, id=14140, stack(0x0000000017990000,0x0000000017a90000)]
  0x0000000017498800 JavaThread "Signal Dispatcher" daemon [_thread_blocked, id=14708, stack(0x0000000017890000,0x0000000017990000)]
  0x00000000027ab000 JavaThread "Finalizer" daemon [_thread_blocked, id=8, stack(0x0000000017390000,0x0000000017490000)]
  0x00000000027a0000 JavaThread "Reference Handler" daemon [_thread_blocked, id=19024, stack(0x0000000017290000,0x0000000017390000)]
  0x00000000026ad800 JavaThread "main" [_thread_blocked, id=11620, stack(0x0000000002590000,0x0000000002690000)]

Other Threads:
  0x00000000160e7000 VMThread [stack: 0x0000000017190000,0x0000000017290000] [id=17376]
  0x0000000017524800 WatcherThread [stack: 0x0000000017e90000,0x0000000017f90000] [id=18560]

VM state:not at safepoint (normal execution)

VM Mutex/Monitor currently owned by a thread: None

Heap:
 PSYoungGen      total 432640K, used 179932K [0x00000000e0000000, 0x0000000100000000, 0x0000000100000000)
  eden space 373760K, 32% used [0x00000000e0000000,0x00000000e763b1f0,0x00000000f6d00000)
  from space 58880K, 99% used [0x00000000fc680000,0x00000000ffffc1e0,0x0000000100000000)
  to   space 75264K, 0% used [0x00000000f6d00000,0x00000000f6d00000,0x00000000fb680000)
 ParOldGen       total 184320K, used 132882K [0x00000000a0000000, 0x00000000ab400000, 0x00000000e0000000)
  object space 184320K, 72% used [0x00000000a0000000,0x00000000a81c4a08,0x00000000ab400000)
 Metaspace       used 130447K, capacity 137250K, committed 137408K, reserved 1169408K
  class space    used 16515K, capacity 17761K, committed 17880K, reserved 1048576K

Card table byte_map: [0x0000000011b70000,0x0000000011e80000] byte_map_base: 0x0000000011670000

Marking Bits: (ParMarkBitMap*) 0x0000000063115aa0
 Begin Bits: [0x0000000012480000, 0x0000000013c80000)
 End Bits:   [0x0000000013c80000, 0x0000000015480000)

Polling page: 0x0000000000460000

CodeCache: size=245760Kb used=62781Kb max_used=63948Kb free=182978Kb
 bounds [0x00000000027b0000, 0x0000000006680000, 0x00000000117b0000]
 total_blobs=19208 nmethods=18311 adapters=807
 compilation: enabled

Compilation events (10 events):
Event: 2518.544 Thread 0x000000001749a000 22723       2       com.android.tools.r8.graph.ClassAccessFlags::fromDexAccessFlags (16 bytes)
Event: 2518.544 Thread 0x000000001749a000 nmethod 22723 0x00000000052d8790 code [0x00000000052d88e0, 0x00000000052d8a70]
Event: 2518.544 Thread 0x000000001749a000 22724       2       com.android.tools.r8.dex.DexParser::annotationsDirectoryAt (20 bytes)
Event: 2518.545 Thread 0x000000001749a000 nmethod 22724 0x00000000052d8290 code [0x00000000052d8400, 0x00000000052d8628]
Event: 2518.545 Thread 0x000000001749a000 22725       2       com.android.tools.r8.dex.DexParser$AttributesAndAnnotations::getInnerClasses (18 bytes)
Event: 2518.545 Thread 0x000000001749a000 nmethod 22725 0x00000000055696d0 code [0x0000000005569820, 0x0000000005569990]
Event: 2518.545 Thread 0x000000001749a000 22726       2       com.android.tools.r8.dex.DexParser$AttributesAndAnnotations::getAnnotations (56 bytes)
Event: 2518.546 Thread 0x000000001749a000 nmethod 22726 0x0000000005569010 code [0x00000000055691a0, 0x00000000055694d8]
Event: 2518.547 Thread 0x000000001749a000 22727       2       com.android.tools.r8.graph.DexAnnotation::getInnerClassFromAnnotation (163 bytes)
Event: 2518.549 Thread 0x000000001749a000 nmethod 22727 0x0000000003ad2350 code [0x0000000003ad24e0, 0x0000000003ad2968]

GC Heap History (10 events):
Event: 960.439 GC heap before
{Heap before GC invocations=24 (full 4):
 PSYoungGen      total 310784K, used 284672K [0x00000000e0000000, 0x00000000f6300000, 0x0000000100000000)
  eden space 284672K, 100% used [0x00000000e0000000,0x00000000f1600000,0x00000000f1600000)
  from space 26112K, 0% used [0x00000000f1600000,0x00000000f1600000,0x00000000f2f80000)
  to   space 26112K, 0% used [0x00000000f4980000,0x00000000f4980000,0x00000000f6300000)
 ParOldGen       total 184320K, used 61797K [0x00000000a0000000, 0x00000000ab400000, 0x00000000e0000000)
  object space 184320K, 33% used [0x00000000a0000000,0x00000000a3c59788,0x00000000ab400000)
 Metaspace       used 101262K, capacity 106108K, committed 106176K, reserved 1140736K
  class space    used 13118K, capacity 14008K, committed 14040K, reserved 1048576K
Event: 960.454 GC heap after
Heap after GC invocations=24 (full 4):
 PSYoungGen      total 335872K, used 18211K [0x00000000e0000000, 0x00000000f7a00000, 0x0000000100000000)
  eden space 309760K, 0% used [0x00000000e0000000,0x00000000e0000000,0x00000000f2e80000)
  from space 26112K, 69% used [0x00000000f4980000,0x00000000f5b48ec0,0x00000000f6300000)
  to   space 27648K, 0% used [0x00000000f2e80000,0x00000000f2e80000,0x00000000f4980000)
 ParOldGen       total 184320K, used 61805K [0x00000000a0000000, 0x00000000ab400000, 0x00000000e0000000)
  object space 184320K, 33% used [0x00000000a0000000,0x00000000a3c5b788,0x00000000ab400000)
 Metaspace       used 101262K, capacity 106108K, committed 106176K, reserved 1140736K
  class space    used 13118K, capacity 14008K, committed 14040K, reserved 1048576K
}
Event: 2493.910 GC heap before
{Heap before GC invocations=25 (full 4):
 PSYoungGen      total 335872K, used 327971K [0x00000000e0000000, 0x00000000f7a00000, 0x0000000100000000)
  eden space 309760K, 100% used [0x00000000e0000000,0x00000000f2e80000,0x00000000f2e80000)
  from space 26112K, 69% used [0x00000000f4980000,0x00000000f5b48ec0,0x00000000f6300000)
  to   space 27648K, 0% used [0x00000000f2e80000,0x00000000f2e80000,0x00000000f4980000)
 ParOldGen       total 184320K, used 61805K [0x00000000a0000000, 0x00000000ab400000, 0x00000000e0000000)
  object space 184320K, 33% used [0x00000000a0000000,0x00000000a3c5b788,0x00000000ab400000)
 Metaspace       used 110410K, capacity 116074K, committed 116160K, reserved 1150976K
  class space    used 14223K, capacity 15291K, committed 15320K, reserved 1048576K
Event: 2494.375 GC heap after
Heap after GC invocations=25 (full 4):
 PSYoungGen      total 337408K, used 23494K [0x00000000e0000000, 0x00000000f9380000, 0x0000000100000000)
  eden space 309760K, 0% used [0x00000000e0000000,0x00000000e0000000,0x00000000f2e80000)
  from space 27648K, 84% used [0x00000000f2e80000,0x00000000f4571b58,0x00000000f4980000)
  to   space 30208K, 0% used [0x00000000f7600000,0x00000000f7600000,0x00000000f9380000)
 ParOldGen       total 184320K, used 61813K [0x00000000a0000000, 0x00000000ab400000, 0x00000000e0000000)
  object space 184320K, 33% used [0x00000000a0000000,0x00000000a3c5d788,0x00000000ab400000)
 Metaspace       used 110410K, capacity 116074K, committed 116160K, reserved 1150976K
  class space    used 14223K, capacity 15291K, committed 15320K, reserved 1048576K
}
Event: 2504.896 GC heap before
{Heap before GC invocations=26 (full 4):
 PSYoungGen      total 337408K, used 333254K [0x00000000e0000000, 0x00000000f9380000, 0x0000000100000000)
  eden space 309760K, 100% used [0x00000000e0000000,0x00000000f2e80000,0x00000000f2e80000)
  from space 27648K, 84% used [0x00000000f2e80000,0x00000000f4571b58,0x00000000f4980000)
  to   space 30208K, 0% used [0x00000000f7600000,0x00000000f7600000,0x00000000f9380000)
 ParOldGen       total 184320K, used 61813K [0x00000000a0000000, 0x00000000ab400000, 0x00000000e0000000)
  object space 184320K, 33% used [0x00000000a0000000,0x00000000a3c5d788,0x00000000ab400000)
 Metaspace       used 113782K, capacity 119538K, committed 119744K, reserved 1153024K
  class space    used 14627K, capacity 15713K, committed 15832K, reserved 1048576K
Event: 2504.929 GC heap after
Heap after GC invocations=26 (full 4):
 PSYoungGen      total 378880K, used 26523K [0x00000000e0000000, 0x00000000f9680000, 0x0000000100000000)
  eden space 348672K, 0% used [0x00000000e0000000,0x00000000e0000000,0x00000000f5480000)
  from space 30208K, 87% used [0x00000000f7600000,0x00000000f8fe6de8,0x00000000f9380000)
  to   space 33792K, 0% used [0x00000000f5480000,0x00000000f5480000,0x00000000f7580000)
 ParOldGen       total 184320K, used 61821K [0x00000000a0000000, 0x00000000ab400000, 0x00000000e0000000)
  object space 184320K, 33% used [0x00000000a0000000,0x00000000a3c5f788,0x00000000ab400000)
 Metaspace       used 113782K, capacity 119538K, committed 119744K, reserved 1153024K
  class space    used 14627K, capacity 15713K, committed 15832K, reserved 1048576K
}
Event: 2507.764 GC heap before
{Heap before GC invocations=27 (full 4):
 PSYoungGen      total 378880K, used 375195K [0x00000000e0000000, 0x00000000f9680000, 0x0000000100000000)
  eden space 348672K, 100% used [0x00000000e0000000,0x00000000f5480000,0x00000000f5480000)
  from space 30208K, 87% used [0x00000000f7600000,0x00000000f8fe6de8,0x00000000f9380000)
  to   space 33792K, 0% used [0x00000000f5480000,0x00000000f5480000,0x00000000f7580000)
 ParOldGen       total 184320K, used 61821K [0x00000000a0000000, 0x00000000ab400000, 0x00000000e0000000)
  object space 184320K, 33% used [0x00000000a0000000,0x00000000a3c5f788,0x00000000ab400000)
 Metaspace       used 118932K, capacity 124778K, committed 125120K, reserved 1159168K
  class space    used 15163K, capacity 16267K, committed 16344K, reserved 1048576K
Event: 2508.192 GC heap after
Heap after GC invocations=27 (full 4):
 PSYoungGen      total 382464K, used 33781K [0x00000000e0000000, 0x0000000100000000, 0x0000000100000000)
  eden space 348672K, 0% used [0x00000000e0000000,0x00000000e0000000,0x00000000f5480000)
  from space 33792K, 99% used [0x00000000f5480000,0x00000000f757d500,0x00000000f7580000)
  to   space 58880K, 0% used [0x00000000fc680000,0x00000000fc680000,0x0000000100000000)
 ParOldGen       total 184320K, used 115728K [0x00000000a0000000, 0x00000000ab400000, 0x00000000e0000000)
  object space 184320K, 62% used [0x00000000a0000000,0x00000000a71040e8,0x00000000ab400000)
 Metaspace       used 118932K, capacity 124778K, committed 125120K, reserved 1159168K
  class space    used 15163K, capacity 16267K, committed 16344K, reserved 1048576K
}
Event: 2516.956 GC heap before
{Heap before GC invocations=28 (full 4):
 PSYoungGen      total 382464K, used 378296K [0x00000000e0000000, 0x0000000100000000, 0x0000000100000000)
  eden space 348672K, 98% used [0x00000000e0000000,0x00000000f5070ec0,0x00000000f5480000)
  from space 33792K, 99% used [0x00000000f5480000,0x00000000f757d500,0x00000000f7580000)
  to   space 58880K, 0% used [0x00000000fc680000,0x00000000fc680000,0x0000000100000000)
 ParOldGen       total 184320K, used 115728K [0x00000000a0000000, 0x00000000ab400000, 0x00000000e0000000)
  object space 184320K, 62% used [0x00000000a0000000,0x00000000a71040e8,0x00000000ab400000)
 Metaspace       used 129554K, capacity 136372K, committed 136512K, reserved 1167360K
  class space    used 16396K, capacity 17636K, committed 17752K, reserved 1048576K
Event: 2517.388 GC heap after
Heap after GC invocations=28 (full 4):
 PSYoungGen      total 432640K, used 58864K [0x00000000e0000000, 0x0000000100000000, 0x0000000100000000)
  eden space 373760K, 0% used [0x00000000e0000000,0x00000000e0000000,0x00000000f6d00000)
  from space 58880K, 99% used [0x00000000fc680000,0x00000000ffffc1e0,0x0000000100000000)
  to   space 75264K, 0% used [0x00000000f6d00000,0x00000000f6d00000,0x00000000fb680000)
 ParOldGen       total 184320K, used 132882K [0x00000000a0000000, 0x00000000ab400000, 0x00000000e0000000)
  object space 184320K, 72% used [0x00000000a0000000,0x00000000a81c4a08,0x00000000ab400000)
 Metaspace       used 129554K, capacity 136372K, committed 136512K, reserved 1167360K
  class space    used 16396K, capacity 17636K, committed 17752K, reserved 1048576K
}

Deoptimization events (10 events):
Event: 2517.969 Thread 0x000000001d009000 Uncommon trap: reason=unstable_if action=reinterpret pc=0x00000000065e0ee0 method=com.android.tools.r8.dex.DexParser.cacheAt(ILjava/util/function/Supplier;)Ljava/lang/Object; @ 1
Event: 2517.989 Thread 0x000000001d009800 Uncommon trap: reason=unstable_if action=reinterpret pc=0x00000000064da83c method=com.android.tools.r8.graph.DexString.slowCompareTo(Lcom/android/tools/r8/graph/DexString;)I @ 136
Event: 2518.009 Thread 0x000000001d00a800 Uncommon trap: reason=class_check action=maybe_recompile pc=0x0000000006639214 method=com.android.tools.r8.dex.DexParser$MemberAnnotationIterator.getNextFor(Lcom/android/tools/r8/graph/Descriptor;)Lcom/android/tools/r8/graph/DexItem; @ 25
Event: 2518.009 Thread 0x000000001d00a800 Uncommon trap: reason=class_check action=maybe_recompile pc=0x0000000006639214 method=com.android.tools.r8.dex.DexParser$MemberAnnotationIterator.getNextFor(Lcom/android/tools/r8/graph/Descriptor;)Lcom/android/tools/r8/graph/DexItem; @ 25
Event: 2518.011 Thread 0x000000001d00a800 Uncommon trap: reason=class_check action=maybe_recompile pc=0x0000000006639214 method=com.android.tools.r8.dex.DexParser$MemberAnnotationIterator.getNextFor(Lcom/android/tools/r8/graph/Descriptor;)Lcom/android/tools/r8/graph/DexItem; @ 25
Event: 2518.011 Thread 0x000000001d00a800 Uncommon trap: reason=class_check action=maybe_recompile pc=0x0000000006639214 method=com.android.tools.r8.dex.DexParser$MemberAnnotationIterator.getNextFor(Lcom/android/tools/r8/graph/Descriptor;)Lcom/android/tools/r8/graph/DexItem; @ 25
Event: 2518.017 Thread 0x000000001d009000 Uncommon trap: reason=unstable_if action=reinterpret pc=0x00000000065fe6f0 method=com.android.tools.r8.it.unimi.dsi.fastutil.ints.Int2ObjectOpenHashMap.insert(ILjava/lang/Object;)I @ 1
Event: 2518.021 Thread 0x000000001d009000 Uncommon trap: reason=unstable_if action=reinterpret pc=0x00000000065d987c method=com.android.tools.r8.it.unimi.dsi.fastutil.ints.Int2ObjectOpenHashMap.insert(ILjava/lang/Object;)I @ 1
Event: 2518.028 Thread 0x000000001d009000 Uncommon trap: reason=unloaded action=reinterpret pc=0x000000000666ac48 method=com.android.tools.r8.dex.DexParser.parseEncodedValue()Lcom/android/tools/r8/graph/DexValue; @ 459
Event: 2518.161 Thread 0x000000001d009800 Uncommon trap: reason=unloaded action=reinterpret pc=0x0000000005ba415c method=com.android.tools.r8.code.BaseInstructionFactory.create(IILcom/android/tools/r8/code/BytecodeStream;Lcom/android/tools/r8/graph/OffsetToObjectMapping;)Lcom/android/tools/r8/cod

Classes redefined (0 events):
No events

Internal exceptions (10 events):
Event: 2516.550 Thread 0x000000001efae000 Exception <a 'sun/nio/fs/WindowsException'> (0x00000000f3c89d38) thrown at [D:\src\AOSP-openjdk-cygwin\jdk8u\hotspot\src\share\vm\prims\jni.cpp, line 709]
Event: 2516.550 Thread 0x000000001cc40000 Exception <a 'sun/nio/fs/WindowsException'> (0x00000000f4073a70) thrown at [D:\src\AOSP-openjdk-cygwin\jdk8u\hotspot\src\share\vm\prims\jni.cpp, line 709]
Event: 2516.553 Thread 0x000000001efae000 Exception <a 'sun/nio/fs/WindowsException'> (0x00000000f3ccff28) thrown at [D:\src\AOSP-openjdk-cygwin\jdk8u\hotspot\src\share\vm\prims\jni.cpp, line 709]
Event: 2516.554 Thread 0x000000001cc40000 Exception <a 'sun/nio/fs/WindowsException'> (0x00000000f40b8ef8) thrown at [D:\src\AOSP-openjdk-cygwin\jdk8u\hotspot\src\share\vm\prims\jni.cpp, line 709]
Event: 2516.556 Thread 0x000000001efae000 Exception <a 'sun/nio/fs/WindowsException'> (0x00000000f3d1b7b0) thrown at [D:\src\AOSP-openjdk-cygwin\jdk8u\hotspot\src\share\vm\prims\jni.cpp, line 709]
Event: 2516.748 Thread 0x000000001efae000 Implicit null exception at 0x0000000002d975c0 to 0x0000000002d97a2d
Event: 2517.453 Thread 0x000000001d006800 Exception <a 'sun/nio/fs/WindowsException'> (0x00000000e06ece68) thrown at [D:\src\AOSP-openjdk-cygwin\jdk8u\hotspot\src\share\vm\prims\jni.cpp, line 709]
Event: 2517.968 Thread 0x000000001d009800 Implicit null exception at 0x000000000326172f to 0x0000000003261821
Event: 2517.968 Thread 0x000000001d009000 Implicit null exception at 0x000000000326172f to 0x0000000003261821
Event: 2517.968 Thread 0x000000001d00a800 Implicit null exception at 0x000000000326172f to 0x0000000003261821

Events (10 events):
Event: 2518.128 Thread 0x000000001749a000 flushing nmethod 0x0000000005e35750
Event: 2518.129 Thread 0x000000001749a000 flushing nmethod 0x0000000005f04710
Event: 2518.129 Thread 0x000000001749a000 flushing nmethod 0x0000000005f05190
Event: 2518.129 Thread 0x000000001749a000 flushing nmethod 0x0000000005f49a50
Event: 2518.129 Thread 0x000000001749a000 flushing nmethod 0x0000000005f7c210
Event: 2518.161 Thread 0x000000001d009800 Uncommon trap: trap_request=0x0000003a fr.pc=0x0000000005ba415c
Event: 2518.162 Thread 0x000000001d009800 DEOPT PACKING pc=0x0000000005ba415c sp=0x000000002a11eb10
Event: 2518.162 Thread 0x000000001d009800 DEOPT UNPACKING pc=0x00000000027f557b sp=0x000000002a11eae0 mode 2
Event: 2518.372 Thread 0x000000001d009800 DEOPT PACKING pc=0x00000000052bc8dc sp=0x000000002a11e400
Event: 2518.372 Thread 0x000000001d009800 DEOPT UNPACKING pc=0x00000000027f75d0 sp=0x000000002a11e1b8 mode 0


Dynamic libraries:
0x00007ff750b10000 - 0x00007ff750b41000 	E:\install\jre\bin\java.exe
0x00007ffa64c40000 - 0x00007ffa64e30000 	C:\WINDOWS\SYSTEM32\ntdll.dll
0x00007ffa64860000 - 0x00007ffa64912000 	C:\WINDOWS\System32\KERNEL32.DLL
0x00007ffa61de0000 - 0x00007ffa62083000 	C:\WINDOWS\System32\KERNELBASE.dll
0x00007ffa641e0000 - 0x00007ffa64283000 	C:\WINDOWS\System32\ADVAPI32.dll
0x00007ffa63c50000 - 0x00007ffa63cee000 	C:\WINDOWS\System32\msvcrt.dll
0x00007ffa62da0000 - 0x00007ffa62e37000 	C:\WINDOWS\System32\sechost.dll
0x00007ffa64390000 - 0x00007ffa644b0000 	C:\WINDOWS\System32\RPCRT4.dll
0x00007ffa64920000 - 0x00007ffa64ab3000 	C:\WINDOWS\System32\USER32.dll
0x00007ffa62b20000 - 0x00007ffa62b41000 	C:\WINDOWS\System32\win32u.dll
0x00007ffa63b50000 - 0x00007ffa63b76000 	C:\WINDOWS\System32\GDI32.dll
0x00007ffa62b50000 - 0x00007ffa62ce4000 	C:\WINDOWS\System32\gdi32full.dll
0x00007ffa61d40000 - 0x00007ffa61dde000 	C:\WINDOWS\System32\msvcp_win.dll
0x00007ffa62a20000 - 0x00007ffa62b1a000 	C:\WINDOWS\System32\ucrtbase.dll
0x00007ffa54720000 - 0x00007ffa549a5000 	C:\WINDOWS\WinSxS\amd64_microsoft.windows.common-controls_6595b64144ccf1df_6.0.18362.295_none_e6c3acbd13101292\COMCTL32.dll
0x00007ffa64520000 - 0x00007ffa64856000 	C:\WINDOWS\System32\combase.dll
0x00007ffa621c0000 - 0x00007ffa62240000 	C:\WINDOWS\System32\bcryptPrimitives.dll
0x00007ffa62e40000 - 0x00007ffa62e6e000 	C:\WINDOWS\System32\IMM32.DLL
0x00000000603b0000 - 0x0000000060482000 	E:\install\jre\jre\bin\msvcr100.dll
0x0000000062950000 - 0x0000000063191000 	E:\install\jre\jre\bin\server\jvm.dll
0x00007ffa64380000 - 0x00007ffa64388000 	C:\WINDOWS\System32\PSAPI.DLL
0x00007ffa46390000 - 0x00007ffa46399000 	C:\WINDOWS\SYSTEM32\WSOCK32.dll
0x00007ffa64170000 - 0x00007ffa641df000 	C:\WINDOWS\System32\WS2_32.dll
0x00007ffa5f3a0000 - 0x00007ffa5f3c4000 	C:\WINDOWS\SYSTEM32\WINMM.dll
0x00007ffa5f370000 - 0x00007ffa5f39d000 	C:\WINDOWS\SYSTEM32\winmmbase.dll
0x00007ffa62170000 - 0x00007ffa621ba000 	C:\WINDOWS\System32\cfgmgr32.dll
0x00007ffa57390000 - 0x00007ffa5739a000 	C:\WINDOWS\SYSTEM32\VERSION.dll
0x00007ffa4a340000 - 0x00007ffa4a34f000 	E:\install\jre\jre\bin\verify.dll
0x00007ffa349f0000 - 0x00007ffa34a19000 	E:\install\jre\jre\bin\java.dll
0x00007ffa47910000 - 0x00007ffa47926000 	E:\install\jre\jre\bin\zip.dll
0x00007ffa62f40000 - 0x00007ffa63622000 	C:\WINDOWS\System32\SHELL32.dll
0x00007ffa62cf0000 - 0x00007ffa62d99000 	C:\WINDOWS\System32\shcore.dll
0x00007ffa62240000 - 0x00007ffa629bc000 	C:\WINDOWS\System32\windows.storage.dll
0x00007ffa61b90000 - 0x00007ffa61baf000 	C:\WINDOWS\System32\profapi.dll
0x00007ffa61b20000 - 0x00007ffa61b6a000 	C:\WINDOWS\System32\powrprof.dll
0x00007ffa61b10000 - 0x00007ffa61b20000 	C:\WINDOWS\System32\UMPDC.dll
0x00007ffa63af0000 - 0x00007ffa63b42000 	C:\WINDOWS\System32\shlwapi.dll
0x00007ffa61b70000 - 0x00007ffa61b81000 	C:\WINDOWS\System32\kernel.appcore.dll
0x00007ffa61d20000 - 0x00007ffa61d37000 	C:\WINDOWS\System32\cryptsp.dll
0x00007ffa472e0000 - 0x00007ffa472fa000 	E:\install\jre\jre\bin\net.dll
0x00007ffa61350000 - 0x00007ffa613b7000 	C:\WINDOWS\system32\mswsock.dll
0x00007ffa472a0000 - 0x00007ffa472b1000 	E:\install\jre\jre\bin\nio.dll
0x00007ffa37d70000 - 0x00007ffa37d8e000 	C:\Users\Lenovo\.gradle\native\25\windows-amd64\native-platform.dll
0x00007ffa47bd0000 - 0x00007ffa47bdd000 	E:\install\jre\jre\bin\management.dll
0x00007ffa60ec0000 - 0x00007ffa60ef3000 	C:\WINDOWS\system32\rsaenh.dll
0x00007ffa62140000 - 0x00007ffa62166000 	C:\WINDOWS\System32\bcrypt.dll
0x00007ffa61a00000 - 0x00007ffa61a25000 	C:\WINDOWS\SYSTEM32\USERENV.dll
0x00007ffa61520000 - 0x00007ffa6152c000 	C:\WINDOWS\SYSTEM32\CRYPTBASE.dll
0x00007ffa61060000 - 0x00007ffa6109a000 	C:\WINDOWS\SYSTEM32\IPHLPAPI.DLL
0x00007ffa64160000 - 0x00007ffa64168000 	C:\WINDOWS\System32\NSI.dll
0x00007ffa572e0000 - 0x00007ffa572f6000 	C:\WINDOWS\SYSTEM32\dhcpcsvc6.DLL
0x00007ffa572c0000 - 0x00007ffa572dc000 	C:\WINDOWS\SYSTEM32\dhcpcsvc.DLL
0x00007ffa610a0000 - 0x00007ffa6116a000 	C:\WINDOWS\SYSTEM32\DNSAPI.dll
0x00007ffa2b9a0000 - 0x00007ffa2b9c4000 	E:\install\jre\jre\bin\sunec.dll
0x00007ffa54de0000 - 0x00007ffa54dea000 	C:\Windows\System32\rasadhlp.dll
0x00007ffa57150000 - 0x00007ffa571c7000 	C:\WINDOWS\System32\fwpuclnt.dll
0x00007ffa344c0000 - 0x00007ffa344cb000 	E:\install\jre\jre\bin\sunmscapi.dll
0x00007ffa61bd0000 - 0x00007ffa61d19000 	C:\WINDOWS\System32\CRYPT32.dll
0x00007ffa61bb0000 - 0x00007ffa61bc2000 	C:\WINDOWS\System32\MSASN1.dll

VM Arguments:
jvm_args: -Xmx1536m -Dfile.encoding=GBK -Duser.country=CN -Duser.language=zh -Duser.variant 
java_command: org.gradle.launcher.daemon.bootstrap.GradleDaemon 5.1.1
java_class_path (initial): C:\Users\Lenovo\.gradle\wrapper\dists\gradle-5.1.1-all\97z1ksx6lirer3kbvdnh7jtjg\gradle-5.1.1\lib\gradle-launcher-5.1.1.jar
Launcher Type: SUN_STANDARD

Environment Variables:
JAVA_HOME=C:\Program Files\Java\jdk1.8.0_121
PATH=E:\sdk_sdk\SDK\platform-tools;C:\Program Files (x86)\MySQL\MySQL Server 5.0\bin;C:\Program Files\Java\jdk1.8.0_121\bin;C:\Program Files\TortoiseGit\bin;C:\Program Files\TortoiseSVN\bin;E:\小实训（许）\AndRoid小实训资料\bin;E:\SDK\SDK\platform-tools;;%SystemRoot%\system32;%SystemRoot%;%SystemRoot%\System32\Wbem;%SYSTEMROOT%\System32\WindowsPowerShell\v1.0\;%SYSTEMROOT%\System32\OpenSSH\;E:\sdk_sdk\SDK\platform-tools;C:\Users\Lenovo\AppData\Local\Microsoft\WindowsApps;
USERNAME=Lenovo
OS=Windows_NT
PROCESSOR_IDENTIFIER=Intel64 Family 6 Model 158 Stepping 9, GenuineIntel



---------------  S Y S T E M  ---------------

OS: Windows 10.0 , 64 bit Build 18362 (10.0.18362.86)

CPU:total 4 (initial active 4) (4 cores per cpu, 1 threads per core) family 6 model 158 stepping 9, cmov, cx8, fxsr, mmx, sse, sse2, sse3, ssse3, sse4.1, sse4.2, popcnt, avx, avx2, aes, clmul, erms, 3dnowpref, lzcnt, tsc, tscinvbit, bmi1, bmi2, adx

Memory: 4k page, physical 8278180k(348436k free), swap 16142496k(5464k free)

vm_info: OpenJDK 64-Bit Server VM (25.152-b01) for windows-amd64 JRE (1.8.0_152-release-1343-b01), built by "builder" with MS VC++ 10.0 (VS2010)

time: Tue Sep 03 10:56:19 2019
elapsed time: 2518 seconds (0d 0h 41m 58s)

